0 info it worked if it ends with ok
1 verbose cli [ '/usr/local/bin/node',
1 verbose cli   '/usr/local/bin/npm',
1 verbose cli   'install',
1 verbose cli   '--save',
1 verbose cli   'angular-sanitize@1.6.2',
1 verbose cli   'cd',
1 verbose cli   '..' ]
2 info using npm@3.10.9
3 info using node@v6.9.2
4 silly loadCurrentTree Starting
5 silly install loadCurrentTree
6 silly install readLocalPackageData
7 silly fetchPackageMetaData angular-sanitize@1.6.2
8 silly fetchPackageMetaData cd
9 silly fetchPackageMetaData ..
10 silly fetchNamedPackageData angular-sanitize
11 silly mapToRegistry name angular-sanitize
12 silly mapToRegistry using default registry
13 silly mapToRegistry registry https://registry.npmjs.org/
14 silly mapToRegistry data Result {
14 silly mapToRegistry   raw: 'angular-sanitize',
14 silly mapToRegistry   scope: null,
14 silly mapToRegistry   escapedName: 'angular-sanitize',
14 silly mapToRegistry   name: 'angular-sanitize',
14 silly mapToRegistry   rawSpec: '',
14 silly mapToRegistry   spec: 'latest',
14 silly mapToRegistry   type: 'tag' }
15 silly mapToRegistry uri https://registry.npmjs.org/angular-sanitize
16 silly fetchNamedPackageData cd
17 silly mapToRegistry name cd
18 silly mapToRegistry using default registry
19 silly mapToRegistry registry https://registry.npmjs.org/
20 silly mapToRegistry data Result {
20 silly mapToRegistry   raw: 'cd',
20 silly mapToRegistry   scope: null,
20 silly mapToRegistry   escapedName: 'cd',
20 silly mapToRegistry   name: 'cd',
20 silly mapToRegistry   rawSpec: '',
20 silly mapToRegistry   spec: 'latest',
20 silly mapToRegistry   type: 'tag' }
21 silly mapToRegistry uri https://registry.npmjs.org/cd
22 silly fetchOtherPackageData ..
23 silly cache add args [ '..', null ]
24 verbose cache add spec ..
25 verbose request uri https://registry.npmjs.org/cd
26 verbose request no auth needed
27 info attempt registry request try #1 at 11:37:48 AM
28 verbose request id c93fdae5865c1de9
29 http request GET https://registry.npmjs.org/cd
30 silly cache add parsed spec Result {
30 silly cache add   raw: '..',
30 silly cache add   scope: null,
30 silly cache add   escapedName: null,
30 silly cache add   name: null,
30 silly cache add   rawSpec: '..',
30 silly cache add   spec: '/Users/Craig/Desktop/my_favourite_drummer_ang',
30 silly cache add   type: 'local' }
31 verbose request uri https://registry.npmjs.org/angular-sanitize
32 verbose request no auth needed
33 info attempt registry request try #1 at 11:37:48 AM
34 verbose etag W/"5899d335-19037"
35 verbose lastModified Tue, 07 Feb 2017 14:01:25 GMT
36 http request GET https://registry.npmjs.org/angular-sanitize
37 error addLocal Could not install /Users/Craig/Desktop/my_favourite_drummer_ang
38 silly fetchPackageMetaData Error: EISDIR: illegal operation on a directory, read
38 silly fetchPackageMetaData     at Error (native)
38 silly fetchPackageMetaData  error for .. { Error: EISDIR: illegal operation on a directory, read
38 silly fetchPackageMetaData     at Error (native) errno: -21, code: 'EISDIR', syscall: 'read' }
39 http 304 https://registry.npmjs.org/angular-sanitize
40 verbose headers { date: 'Sun, 26 Feb 2017 22:37:48 GMT',
40 verbose headers   via: '1.1 varnish',
40 verbose headers   'cache-control': 'max-age=300',
40 verbose headers   etag: 'W/"5899d335-19037"',
40 verbose headers   age: '118',
40 verbose headers   connection: 'keep-alive',
40 verbose headers   'x-served-by': 'cache-akl6421-AKL',
40 verbose headers   'x-cache': 'HIT',
40 verbose headers   'x-cache-hits': '2',
40 verbose headers   'x-timer': 'S1488148668.393125,VS0,VE0',
40 verbose headers   vary: 'Accept-Encoding' }
41 silly get cb [ 304,
41 silly get   { date: 'Sun, 26 Feb 2017 22:37:48 GMT',
41 silly get     via: '1.1 varnish',
41 silly get     'cache-control': 'max-age=300',
41 silly get     etag: 'W/"5899d335-19037"',
41 silly get     age: '118',
41 silly get     connection: 'keep-alive',
41 silly get     'x-served-by': 'cache-akl6421-AKL',
41 silly get     'x-cache': 'HIT',
41 silly get     'x-cache-hits': '2',
41 silly get     'x-timer': 'S1488148668.393125,VS0,VE0',
41 silly get     vary: 'Accept-Encoding' } ]
42 verbose etag https://registry.npmjs.org/angular-sanitize from cache
43 verbose get saving angular-sanitize to /Users/Craig/.npm/registry.npmjs.org/angular-sanitize/.cache.json
44 verbose correctMkdir /Users/Craig/.npm correctMkdir not in flight; initializing
45 http 200 https://registry.npmjs.org/cd
46 verbose headers { server: 'nginx/1.10.1',
46 verbose headers   'content-type': 'application/json',
46 verbose headers   'last-modified': 'Thu, 19 Jan 2017 16:13:28 GMT',
46 verbose headers   etag: 'W/"5880e5a8-5449"',
46 verbose headers   'content-encoding': 'gzip',
46 verbose headers   'cache-control': 'max-age=300',
46 verbose headers   'content-length': '2149',
46 verbose headers   'accept-ranges': 'bytes',
46 verbose headers   date: 'Sun, 26 Feb 2017 22:37:48 GMT',
46 verbose headers   via: '1.1 varnish',
46 verbose headers   age: '0',
46 verbose headers   connection: 'keep-alive',
46 verbose headers   'x-served-by': 'cache-akl6421-AKL',
46 verbose headers   'x-cache': 'MISS',
46 verbose headers   'x-cache-hits': '0',
46 verbose headers   'x-timer': 'S1488148668.393145,VS0,VE26',
46 verbose headers   vary: 'Accept-Encoding' }
47 silly get cb [ 200,
47 silly get   { server: 'nginx/1.10.1',
47 silly get     'content-type': 'application/json',
47 silly get     'last-modified': 'Thu, 19 Jan 2017 16:13:28 GMT',
47 silly get     etag: 'W/"5880e5a8-5449"',
47 silly get     'content-encoding': 'gzip',
47 silly get     'cache-control': 'max-age=300',
47 silly get     'content-length': '2149',
47 silly get     'accept-ranges': 'bytes',
47 silly get     date: 'Sun, 26 Feb 2017 22:37:48 GMT',
47 silly get     via: '1.1 varnish',
47 silly get     age: '0',
47 silly get     connection: 'keep-alive',
47 silly get     'x-served-by': 'cache-akl6421-AKL',
47 silly get     'x-cache': 'MISS',
47 silly get     'x-cache-hits': '0',
47 silly get     'x-timer': 'S1488148668.393145,VS0,VE26',
47 silly get     vary: 'Accept-Encoding' } ]
48 verbose get saving cd to /Users/Craig/.npm/registry.npmjs.org/cd/.cache.json
49 verbose correctMkdir /Users/Craig/.npm correctMkdir not in flight; initializing
50 silly rollbackFailedOptional Starting
51 silly rollbackFailedOptional Finishing
52 silly runTopLevelLifecycles Finishing
53 silly install printInstalled
54 verbose stack Error: EISDIR: illegal operation on a directory, read
54 verbose stack     at Error (native)
55 verbose cwd /Users/Craig/Desktop/my_favourite_drummer_ang/client
56 error Darwin 15.3.0
57 error argv "/usr/local/bin/node" "/usr/local/bin/npm" "install" "--save" "angular-sanitize@1.6.2" "cd" ".."
58 error node v6.9.2
59 error npm  v3.10.9
60 error code EISDIR
61 error errno -21
62 error syscall read
63 error eisdir EISDIR: illegal operation on a directory, read
64 error eisdir This is most likely not a problem with npm itself
64 error eisdir and is related to npm not being able to find a package.json in
64 error eisdir a package you are trying to install.
65 verbose exit [ -21, true ]
